<?xml version="1.0" encoding="UTF-8"?>
<testng-results ignored="0" total="2" passed="2" failed="0" skipped="0">
  <reporter-output>
  </reporter-output>
  <suite started-at="2023-04-07T15:41:35 IST" name="Default suite" finished-at="2023-04-07T15:41:39 IST" duration-ms="4095">
    <groups>
    </groups>
    <test started-at="2023-04-07T15:41:35 IST" name="Default test" finished-at="2023-04-07T15:41:39 IST" duration-ms="4095">
      <class name="Dataprovide.Dataprovider">
        <test-method is-config="true" signature="beforeTest()[pri:0, instance:Dataprovide.Dataprovider@957e06]" started-at="2023-04-07T15:41:35 IST" name="beforeTest" finished-at="2023-04-07T15:41:37 IST" duration-ms="2239" status="PASS">
          <reporter-output>
          </reporter-output>
        </test-method> <!-- beforeTest -->
        <test-method signature="login(java.lang.String,java.lang.String)[pri:0, instance:Dataprovide.Dataprovider@957e06]" started-at="2023-04-07T15:41:37 IST" name="login" data-provider="dp" finished-at="2023-04-07T15:41:37 IST" duration-ms="273" status="PASS">
          <params>
            <param index="0">
              <value>
                <![CDATA[Vignesh000vky@gmail.com]]>
              </value>
            </param>
            <param index="1">
              <value>
                <![CDATA[@Lolaflan]]>
              </value>
            </param>
          </params>
          <reporter-output>
          </reporter-output>
        </test-method> <!-- login -->
        <test-method signature="login(java.lang.String,java.lang.String)[pri:0, instance:Dataprovide.Dataprovider@957e06]" started-at="2023-04-07T15:41:37 IST" name="login" data-provider="dp" finished-at="2023-04-07T15:41:39 IST" duration-ms="1530" status="PASS">
          <params>
            <param index="0">
              <value>
                <![CDATA[Vigneh00]]>
              </value>
            </param>
            <param index="1">
              <value>
                <![CDATA[@lolaflan]]>
              </value>
            </param>
          </params>
          <reporter-output>
          </reporter-output>
        </test-method> <!-- login -->
        <test-method is-config="true" signature="afterTest()[pri:0, instance:Dataprovide.Dataprovider@957e06]" started-at="2023-04-07T15:41:39 IST" name="afterTest" finished-at="2023-04-07T15:41:39 IST" duration-ms="0" status="PASS">
          <reporter-output>
          </reporter-output>
        </test-method> <!-- afterTest -->
      </class> <!-- Dataprovide.Dataprovider -->
    </test> <!-- Default test -->
  </suite> <!-- Default suite -->
</testng-results>
